###############################################################
#  Generated by:      Cadence Innovus 20.14-s095_1
#  OS:                Linux x86_64(Host ID selsrv2.epfl.ch)
#  Generated on:      Sat Dec  3 23:57:59 2022
#  Design:            multn_NBITS32
#  Command:           report_ccopt_clock_trees -file RPT/multn/clock_trees.rpt
###############################################################

Clock DAG stats:
================

------------------------------------------------------------
Cell type                     Count    Area      Capacitance
------------------------------------------------------------
Buffers                         3      38.880       0.019
Inverters                       0       0.000       0.000
Integrated Clock Gates          0       0.000       0.000
Non-Integrated Clock Gates      0       0.000       0.000
Clock Logic                     0       0.000       0.000
All                             3      38.880       0.019
------------------------------------------------------------


Clock DAG wire lengths:
=======================

--------------------
Type     Wire Length
--------------------
Top          0.000
Trunk       46.000
Leaf      1020.800
Total     1066.800
--------------------


Clock DAG hp wire lengths:
==========================

-----------------------
Type     hp Wire Length
-----------------------
Top           0.000
Trunk         0.000
Leaf        305.000
Total       305.000
-----------------------


Clock DAG capacitances:
=======================

--------------------------------
Type     Gate     Wire     Total
--------------------------------
Top      0.000    0.000    0.000
Trunk    0.019    0.006    0.025
Leaf     0.167    0.137    0.304
Total    0.186    0.142    0.329
--------------------------------


Clock DAG sink capacitances:
============================

--------------------------------------------------------
Count    Total    Average    Std. Dev.    Min      Max
--------------------------------------------------------
 228     0.167     0.001       0.000      0.001    0.001
--------------------------------------------------------


Clock DAG net violations:
=========================

None


Clock DAG primary half-corner transition distribution:
======================================================

--------------------------------------------------------------------------------------------------------------------------------------------------------------
Net Type    Target    Count    Average    Std. Dev.    Min      Max      Distribution                                                              Over Target
--------------------------------------------------------------------------------------------------------------------------------------------------------------
Trunk       0.116       1       0.004       0.000      0.004    0.004    {1 <= 0.070ns, 0 <= 0.093ns, 0 <= 0.104ns, 0 <= 0.110ns, 0 <= 0.116ns}         -
Leaf        0.116       3       0.072       0.005      0.067    0.077    {1 <= 0.070ns, 2 <= 0.093ns, 0 <= 0.104ns, 0 <= 0.110ns, 0 <= 0.116ns}         -
--------------------------------------------------------------------------------------------------------------------------------------------------------------


Clock DAG library cell distribution:
====================================

------------------------------------------
Name         Type      Inst     Inst Area 
                       Count    (um^2)
------------------------------------------
CKBUFM48R    buffer      2        27.360
CKBUFM40R    buffer      1        11.520
------------------------------------------



Please note that the following tables reflect only the defined clock trees, so the flop counts might not include all flops in your design.

Clock Tree Summary:
===================

---------------------------------------------------------------------------------------------------------------------
Clock Tree  Clock  Bufs  Invs  Other  Max       Max     Max     Max          Standard   Wire   Gate   Clock Tree Root
Name        Gates              Clock  Non-leaf  Leaf    Length  Source-sink  cell area  cap    cap    
                               Cells  Fanout    Fanout  (um)    Resistance   (um^2)     (pF)   (pF)   
                                                                (Ohms)                                
---------------------------------------------------------------------------------------------------------------------
clk           0     3     0      0       3        78    83.22     1231.5      38.880    0.142  0.186  clk
---------------------------------------------------------------------------------------------------------------------

Clock Sink Summary:
===================

-------------------------------------------------------------------------------------------------------------------------------------------
Clock Tree  Explicit      Implicit      Explicit     Implicit     Explicit   Implicit   Posedge  Negedge  Memory  Enable  Non enable  Other
Name        exclude pins  exclude pins  ignore pins  ignore pins  stop pins  stop pins  Flops    Flops    Clock   Latch   Latch       Sinks
                                                                                                          Pins    Sinks   Sinks       
-------------------------------------------------------------------------------------------------------------------------------------------
clk              0             0             0            0           0          0        228       0       0       0         0         0
-------------------------------------------------------------------------------------------------------------------------------------------

Summary across all clock trees:
===============================

-----------------------------------------------------------------------------------------------------------
Clock  Bufs  Invs  Other  Max       Average   Max     Average  Max     Max          Standard   Wire   Gate
Gates              Clock  Non-leaf  Non-leaf  Leaf    Leaf     Length  Source-sink  cell area  cap    cap
                   Cells  Fanout    Fanout    Fanout  Fanout   (um)    Resistance   (um^2)     (pF)   (pF)
                                                                       (Ohms)                         
-----------------------------------------------------------------------------------------------------------
  0     3     0      0       3         3        78      76     83.220    123.150     38.880    0.142  0.186
-----------------------------------------------------------------------------------------------------------

Clock Sink Summary across all clock trees:
==========================================

-------------------------------------------------------------------------------------------------------------------------------
Explicit      Implicit      Explicit     Implicit     Explicit   Implicit   Posedge  Negedge  Memory  Enable  Non enable  Other
exclude pins  exclude pins  ignore pins  ignore pins  stop pins  stop pins  Flops    Flops    Clock   Latch   Latch       Sinks
                                                                                              Pins    Sinks   Sinks       
-------------------------------------------------------------------------------------------------------------------------------
     0             0             0            0           0          0        228       0       0       0         0         0
-------------------------------------------------------------------------------------------------------------------------------

Physical metrics across all clock trees:
========================================

-----------------------------------------------------------------------
Metric                               Minimum  Average  Maximum  Std.dev
-----------------------------------------------------------------------
Source-sink routed net length (um)   40.220   68.010    83.220  17.009
Source-sink manhattan distance (um)  40.000   65.850    75.800  14.980
Source-sink resistance (Ohm)         57.508   99.363   123.150  25.784
-----------------------------------------------------------------------

Transition distribution for half-corner delay_corner_worst:setup.late:
======================================================================

--------------------------------------------------------------------------------------------------------------------------------------------------------------
Net Type    Target    Count    Average    Std. Dev.    Min      Max      Distribution                                                              Over Target
--------------------------------------------------------------------------------------------------------------------------------------------------------------
Trunk       0.116       1       0.004       0.000      0.004    0.004    {1 <= 0.070ns, 0 <= 0.093ns, 0 <= 0.104ns, 0 <= 0.110ns, 0 <= 0.116ns}         -
Leaf        0.116       3       0.072       0.005      0.067    0.077    {1 <= 0.070ns, 2 <= 0.093ns, 0 <= 0.104ns, 0 <= 0.110ns, 0 <= 0.116ns}         -
--------------------------------------------------------------------------------------------------------------------------------------------------------------

Count of violations across all clock trees:
===========================================

---------------------------------------------------------------------------------------
Clock Tree  # Max capacitance  # Max resistance  # Max length  # Max fanout  # Slew
Name        violations         violations        violations    violations    violations
---------------------------------------------------------------------------------------
clk                 0                 0               0             0            0
---------------------------------------------------------------------------------------
Total               0                 0               0             0            0
---------------------------------------------------------------------------------------

Note the above table per clock tree is based on CCOpt clock tree view. The violations are counted across half corners.

Found a total of 0 clock tree pins with max capacitance violations.
Found a total of 0 clock tree nets with max resistance violations.
Found a total of 0 clock tree nets with max length violations.
Found a total of 0 clock tree nets with max fanout violations.
Found a total of 0 clock tree pins with a slew violation.

Report for clock tree: clk:
===========================

Clock Tree Gating Structure (Logical):

# Full cycle clock gates   : 0
Minimum clock gating depth : 0
Maximum clock gating depth : 0
Clock gate area (um^2)     : 0.000

Clock Tree Buffering Structure (Logical):

# Buffers             :  3
# Inverters           :  0
  Total               :  3
Minimum depth         :  1
Maximum depth         :  1
Buffering area (um^2) : 38.880

Clock Tree Level Structure (Logical):

-----------------------------------------------------------------
Level  Full   Posedge  Negedge  Memory  Enable  Non enable  Other
       Cycle  Flops    Flops    Clock   Latch   Latch       Sinks
                                Pins    Sinks   Sinks       
-----------------------------------------------------------------
root     0      228       0       0       0         0         0
-----------------------------------------------------------------
Total    0      228       0       0       0         0         0
-----------------------------------------------------------------

Target and measured clock slews (in ns):

---------------------------------------------------------------------------------------------------------------------------------------------
Timing Corner                   Worst Rising  Worst Falling  Worst Rising  Worst Falling  Leaf Slew      Leaf Slew  Trunk Slew     Trunk Slew
                                Leaf Slew     Leaf Slew      Trunk Slew    Trunk Slew     Target Type    Target     Target Type    Target
---------------------------------------------------------------------------------------------------------------------------------------------
delay_corner_best:hold.early       0.032          0.036         0.004          0.004      ignored            -      ignored            -
delay_corner_best:hold.late        0.032          0.036         0.004          0.004      ignored            -      ignored            -
delay_corner_worst:setup.early     0.072          0.077         0.004          0.004      ignored            -      ignored            -
delay_corner_worst:setup.late      0.072          0.077         0.004          0.004      auto computed   0.116     auto computed   0.116
---------------------------------------------------------------------------------------------------------------------------------------------

* - indicates that target was not met.

auto extracted - target was extracted from SDC.
auto computed - target was computed when balancing trees.

