###############################################################
#  Generated by:      Cadence Innovus 20.14-s095_1
#  OS:                Linux x86_64(Host ID selsrv2.epfl.ch)
#  Generated on:      Sat Dec  3 23:58:47 2022
#  Design:            multn_NBITS32
#  Command:           verifyConnectivity -type all -report RPT/multn/connectivity.rpt
###############################################################
Verify Connectivity Report is created on Sat Dec  3 23:58:47 2022



Net VDD: has special routes with opens at (0.800, 78.835) (84.000, 80.365)
Net VDD: has special routes with opens at (0.800, 75.225) (84.000, 76.765)
Net VDD: has special routes with opens at (0.800, 71.635) (84.000, 73.165)
Net VDD: has special routes with opens at (0.800, 68.025) (84.000, 69.575)
Net VDD: has special routes with opens at (0.800, 64.435) (84.000, 65.980)
Net VDD: has special routes with opens at (0.800, 60.835) (84.000, 62.380)
Net VDD: has special routes with opens at (0.800, 57.230) (84.000, 58.775)
Net VDD: has special routes with opens at (0.800, 53.635) (84.000, 55.165)
Net VDD: has special routes with opens at (0.800, 50.035) (84.000, 51.600)
Net VDD: has special routes with opens at (0.800, 46.400) (84.000, 48.020)
Net VDD: has special routes with opens at (0.800, 42.780) (84.000, 44.365)
Net VDD: has special routes with opens at (0.800, 39.185) (84.000, 40.820)
Net VDD: has special routes with opens at (0.800, 35.635) (84.000, 37.220)
Net VDD: has special routes with opens at (0.800, 31.980) (84.000, 33.620)
Net VDD: has special routes with opens at (0.800, 28.380) (84.000, 29.980)
Net VDD: has special routes with opens at (0.800, 24.770) (84.000, 26.400)
Net VDD: has special routes with opens at (0.800, 21.200) (84.000, 22.830)
Net VDD: has special routes with opens at (0.800, 17.580) (84.000, 19.220)
Net VDD: has special routes with opens at (0.800, 13.980) (84.000, 15.620)
Net VDD: has special routes with opens at (0.800, 10.400) (84.000, 12.020)
Net VDD: has special routes with opens at (0.800, 6.835) (84.000, 8.400)
Net VDD: has special routes with opens at (0.800, 3.055) (84.000, 4.815)
Net VDD: has special routes with opens at (0.800, 0.250) (84.000, 1.040)
Net VSS: has special routes with opens at (0.800, 80.800) (84.000, 81.550)
Net VSS: has special routes with opens at (0.800, 77.175) (84.000, 78.425)
Net VSS: has special routes with opens at (0.800, 73.575) (84.000, 74.825)
Net VSS: has special routes with opens at (0.800, 69.975) (84.000, 71.225)
Net VSS: has special routes with opens at (0.800, 66.375) (84.000, 67.610)
Net VSS: has special routes with opens at (0.800, 62.775) (84.000, 64.025)
Net VSS: has special routes with opens at (0.800, 59.175) (84.000, 60.425)
Net VSS: has special routes with opens at (0.800, 55.575) (84.000, 56.845)
Net VSS: has special routes with opens at (0.800, 51.975) (84.000, 53.225)
Net VSS: has special routes with opens at (0.800, 48.355) (84.000, 49.610)
Net VSS: has special routes with opens at (0.800, 44.790) (84.000, 46.020)
Net VSS: has special routes with opens at (0.800, 41.175) (84.000, 42.425)
Net VSS: has special routes with opens at (0.800, 37.575) (84.000, 38.810)
Net VSS: has special routes with opens at (0.800, 33.975) (84.000, 35.200)
Net VSS: has special routes with opens at (0.800, 30.375) (84.000, 31.625)
Net VSS: has special routes with opens at (0.800, 26.790) (84.000, 28.025)
Net VSS: has special routes with opens at (0.800, 23.200) (84.000, 24.425)
Net VSS: has special routes with opens at (0.800, 19.575) (84.000, 20.825)
Net VSS: has special routes with opens at (0.800, 16.000) (84.000, 17.225)
Net VSS: has special routes with opens at (0.800, 12.375) (84.000, 13.625)
Net VSS: has special routes with opens at (0.800, 8.790) (84.000, 10.010)
Net VSS: has special routes with opens at (0.800, 5.175) (84.000, 6.410)
Net VSS: has special routes with opens at (0.800, 1.640) (84.000, 2.825)

Begin Summary
    46 Problem(s) (IMPVFC-200): Special Wires: Pieces of the net are not connected together.
    46 total info(s) created.
End Summary
