###############################################################
#  Generated by:      Cadence Innovus 20.14-s095_1
#  OS:                Linux x86_64(Host ID selsrv2.epfl.ch)
#  Generated on:      Sat Dec  3 23:58:48 2022
#  Design:            multn_NBITS32
#  Command:           report_timing -check_type hold > ${RPT_DIR}/hold.rpt
###############################################################
Path 1: MET Hold Check with Pin is_neg_reg/CK 
Endpoint:   is_neg_reg/D (v) checked with  leading edge of 'clk'
Beginpoint: opa[31]      (v) triggered by  leading edge of 'clk'
Path Groups: {clk}
Analysis View: analysis_hold
Other End Arrival Time          0.035
+ Hold                         -0.010
+ Phase Shift                   0.000
- CPPR Adjustment               0.000
= Required Time                 0.025
  Arrival Time                  0.026
  Slack Time                    0.000
     Clock Rise Edge                      0.000
     + Input Delay                        0.000
     = Beginpoint Arrival Time            0.000
     +-----------------------------------------------------------------+ 
     |  Instance  |    Arc     |   Cell   | Delay | Arrival | Required | 
     |            |            |          |       |  Time   |   Time   | 
     |------------+------------+----------+-------+---------+----------| 
     |            | opa[31] v  |          |       |   0.000 |   -0.000 | 
     | U482       | A v -> Z v | XOR2M2RA | 0.026 |   0.026 |    0.025 | 
     | is_neg_reg | D v        | DFEQM2RA | 0.000 |   0.026 |    0.025 | 
     +-----------------------------------------------------------------+ 

