*** Statistics for net list multn_NBITS32 ***
Number of cells      = 2926
Number of nets       = 1395
Number of tri-nets   = 0
Number of degen nets = 0
Number of pins       = 4437
Number of i/os       = 132

Number of nets with    2 terms = 868 (62.2%)
Number of nets with    3 terms = 312 (22.4%)
Number of nets with    4 terms = 123 (8.8%)
Number of nets with    5 terms = 35 (2.5%)
Number of nets with    6 terms = 21 (1.5%)
Number of nets with    7 terms = 16 (1.1%)
Number of nets with >=10 terms = 20 (1.4%)

*** 53 Primitives used:
Primitive ADHM1RA (80 insts)
Primitive ADHM4RA (3 insts)
Primitive AN2M12RA (2 insts)
Primitive AN2M2R (70 insts)
Primitive AN2M4R (2 insts)
Primitive AN2M6R (3 insts)
Primitive AO222M2RA (61 insts)
Primitive AO22B10M2R (1 insts)
Primitive AOI21B01M2R (13 insts)
Primitive AOI21B01M4R (8 insts)
Primitive AOI21M2R (17 insts)
Primitive BUFM2R (3 insts)
Primitive BUFM4R (2 insts)
Primitive BUFM6R (4 insts)
Primitive CKBUFM2R (1 insts)
Primitive CKBUFM40R (1 insts)
Primitive CKBUFM48R (2 insts)
Primitive CKMUX2M2R (63 insts)
Primitive DEL2M1R (2 insts)
Primitive DFEQM2RA (224 insts)
Primitive DFEQM4RA (2 insts)
Primitive DFEQRM2RA (2 insts)
Primitive FIL16R (26 insts)
Primitive FIL1R (640 insts)
Primitive FIL2R (594 insts)
Primitive FIL32R (15 insts)
Primitive FIL4R (295 insts)
Primitive FIL64R (7 insts)
Primitive FIL8R (84 insts)
Primitive FILE16R (20 insts)
Primitive INVM2R (188 insts)
Primitive INVM4R (1 insts)
Primitive MOAI22M2RA (1 insts)
Primitive MUX2M2RA (1 insts)
Primitive ND2M2R (163 insts)
Primitive ND2M4R (1 insts)
Primitive ND4B2M2R (2 insts)
Primitive NR2B1M2R (2 insts)
Primitive NR2B1M4R (1 insts)
Primitive NR2M2R (98 insts)
Primitive NR2M4R (4 insts)
Primitive NR4M1R (2 insts)
Primitive OAI211M2R (1 insts)
Primitive OAI21B01M2R (2 insts)
Primitive OAI21B10M2R (2 insts)
Primitive OAI21B20M2R (32 insts)
Primitive OAI21M2R (38 insts)
Primitive OAI21M4R (11 insts)
Primitive OAI31M2R (2 insts)
Primitive OR2M2R (16 insts)
Primitive OR4M2R (6 insts)
Primitive XNR2M2RA (52 insts)
Primitive XOR2M2RA (53 insts)
************
