###############################################################
#  Generated by:      Cadence Innovus 20.14-s095_1
#  OS:                Linux x86_64(Host ID selsrv2.epfl.ch)
#  Generated on:      Sat Dec  3 23:58:49 2022
#  Design:            multn_NBITS32
#  Command:           report_timing -check_type setup > ${RPT_DIR}/setup.rpt
###############################################################
Path 1: MET Setup Check with Pin acc_reg_63_/CK 
Endpoint:   acc_reg_63_/D  (^) checked with  leading edge of 'clk'
Beginpoint: opa_r_reg_1_/Q (v) triggered by  leading edge of 'clk'
Path Groups: {clk}
Analysis View: analysis_setup
Other End Arrival Time          0.080
- Setup                         0.104
+ Phase Shift                   4.000
+ CPPR Adjustment               0.000
= Required Time                 3.975
- Arrival Time                  3.937
= Slack Time                    0.039
     Clock Rise Edge                 0.000
     + Clock Network Latency (Prop)  0.003
     = Beginpoint Arrival Time       0.003
     +----------------------------------------------------------------------------+ 
     |     Instance      |     Arc     |    Cell     | Delay | Arrival | Required | 
     |                   |             |             |       |  Time   |   Time   | 
     |-------------------+-------------+-------------+-------+---------+----------| 
     | opa_r_reg_1_      | CK ^        |             |       |   0.003 |    0.042 | 
     | opa_r_reg_1_      | CK ^ -> Q v | DFEQM2RA    | 0.225 |   0.228 |    0.267 | 
     | add_54/U784       | A v -> Z ^  | NR2M2R      | 0.087 |   0.315 |    0.353 | 
     | add_54/U554       | A2 ^ -> Z v | OAI21M2R    | 0.093 |   0.407 |    0.446 | 
     | add_54/U587       | A2 v -> Z ^ | AOI21M2R    | 0.142 |   0.549 |    0.588 | 
     | add_54/FE_RC_21_0 | A2 ^ -> Z v | OAI21M4R    | 0.095 |   0.644 |    0.683 | 
     | add_54/U508       | A1 v -> Z ^ | AOI21M2R    | 0.154 |   0.798 |    0.837 | 
     | add_54/U504       | A2 ^ -> Z v | OAI21M4R    | 0.100 |   0.898 |    0.937 | 
     | add_54/U594       | A1 v -> Z ^ | AOI21M2R    | 0.113 |   1.011 |    1.050 | 
     | add_54/U572       | A2 ^ -> Z v | OAI21M2R    | 0.099 |   1.110 |    1.149 | 
     | add_54/U586       | A1 v -> Z ^ | AOI21B01M2R | 0.126 |   1.237 |    1.275 | 
     | add_54/U571       | A2 ^ -> Z v | OAI21M2R    | 0.097 |   1.333 |    1.372 | 
     | add_54/U585       | A1 v -> Z ^ | AOI21B01M2R | 0.115 |   1.448 |    1.487 | 
     | add_54/U570       | A2 ^ -> Z v | OAI21M2R    | 0.109 |   1.557 |    1.596 | 
     | add_54/U584       | A1 v -> Z ^ | AOI21B01M4R | 0.097 |   1.654 |    1.693 | 
     | add_54/U569       | A2 ^ -> Z v | OAI21M2R    | 0.093 |   1.747 |    1.786 | 
     | add_54/U583       | A1 v -> Z ^ | AOI21B01M4R | 0.109 |   1.856 |    1.895 | 
     | add_54/U568       | A2 ^ -> Z v | OAI21M4R    | 0.069 |   1.925 |    1.964 | 
     | add_54/U582       | A1 v -> Z ^ | AOI21B01M2R | 0.127 |   2.052 |    2.091 | 
     | add_54/U567       | A2 ^ -> Z v | OAI21M4R    | 0.088 |   2.140 |    2.178 | 
     | add_54/U581       | A1 v -> Z ^ | AOI21B01M4R | 0.087 |   2.227 |    2.265 | 
     | add_54/U566       | A2 ^ -> Z v | OAI21M4R    | 0.067 |   2.294 |    2.333 | 
     | add_54/U580       | A1 v -> Z ^ | AOI21B01M4R | 0.092 |   2.386 |    2.425 | 
     | add_54/U565       | A2 ^ -> Z v | OAI21M4R    | 0.070 |   2.456 |    2.495 | 
     | add_54/U579       | A1 v -> Z ^ | AOI21B01M4R | 0.092 |   2.548 |    2.586 | 
     | add_54/U564       | A2 ^ -> Z v | OAI21M4R    | 0.072 |   2.620 |    2.658 | 
     | add_54/U578       | A1 v -> Z ^ | AOI21B01M4R | 0.093 |   2.713 |    2.751 | 
     | add_54/U563       | A2 ^ -> Z v | OAI21M4R    | 0.077 |   2.790 |    2.829 | 
     | add_54/U577       | A1 v -> Z ^ | AOI21B01M4R | 0.092 |   2.882 |    2.921 | 
     | add_54/U562       | A2 ^ -> Z v | OAI21M4R    | 0.070 |   2.951 |    2.990 | 
     | add_54/U576       | A1 v -> Z ^ | AOI21B01M4R | 0.095 |   3.046 |    3.085 | 
     | add_54/U561       | A2 ^ -> Z v | OAI21M4R    | 0.072 |   3.117 |    3.156 | 
     | add_54/U575       | A1 v -> Z ^ | AOI21B01M2R | 0.129 |   3.246 |    3.285 | 
     | add_54/U560       | A2 ^ -> Z v | OAI21M4R    | 0.083 |   3.329 |    3.368 | 
     | add_54/U574       | A1 v -> Z ^ | AOI21B01M2R | 0.113 |   3.442 |    3.481 | 
     | add_54/U559       | A2 ^ -> Z v | OAI21M2R    | 0.099 |   3.541 |    3.580 | 
     | add_54/U573       | A1 v -> Z ^ | AOI21B01M2R | 0.123 |   3.664 |    3.703 | 
     | add_54/U605       | A2 ^ -> Z v | OAI21M2R    | 0.083 |   3.747 |    3.786 | 
     | add_54/U496       | A v -> Z ^  | XOR2M2RA    | 0.105 |   3.851 |    3.890 | 
     | U370              | A ^ -> Z ^  | AN2M2R      | 0.085 |   3.937 |    3.975 | 
     | acc_reg_63_       | D ^         | DFEQM2RA    | 0.000 |   3.937 |    3.975 | 
     +----------------------------------------------------------------------------+ 

