###############################################################
#  Generated by:      Cadence Innovus 20.14-s095_1
#  OS:                Linux x86_64(Host ID selsrv2.epfl.ch)
#  Generated on:      Sat Dec  3 23:58:48 2022
#  Design:            multn_NBITS32
#  Command:           report_timing -max_paths 10 > ${RPT_DIR}/timing.rpt
###############################################################
Path 1: MET Setup Check with Pin acc_reg_63_/CK 
Endpoint:   acc_reg_63_/D  (^) checked with  leading edge of 'clk'
Beginpoint: opa_r_reg_1_/Q (v) triggered by  leading edge of 'clk'
Path Groups: {clk}
Analysis View: analysis_setup
Other End Arrival Time          0.080
- Setup                         0.104
+ Phase Shift                   4.000
+ CPPR Adjustment               0.000
= Required Time                 3.975
- Arrival Time                  3.937
= Slack Time                    0.039
     Clock Rise Edge                 0.000
     + Clock Network Latency (Prop)  0.003
     = Beginpoint Arrival Time       0.003
     +----------------------------------------------------------------------------+ 
     |     Instance      |     Arc     |    Cell     | Delay | Arrival | Required | 
     |                   |             |             |       |  Time   |   Time   | 
     |-------------------+-------------+-------------+-------+---------+----------| 
     | opa_r_reg_1_      | CK ^        |             |       |   0.003 |    0.042 | 
     | opa_r_reg_1_      | CK ^ -> Q v | DFEQM2RA    | 0.225 |   0.228 |    0.267 | 
     | add_54/U784       | A v -> Z ^  | NR2M2R      | 0.087 |   0.315 |    0.353 | 
     | add_54/U554       | A2 ^ -> Z v | OAI21M2R    | 0.093 |   0.407 |    0.446 | 
     | add_54/U587       | A2 v -> Z ^ | AOI21M2R    | 0.142 |   0.549 |    0.588 | 
     | add_54/FE_RC_21_0 | A2 ^ -> Z v | OAI21M4R    | 0.095 |   0.644 |    0.683 | 
     | add_54/U508       | A1 v -> Z ^ | AOI21M2R    | 0.154 |   0.798 |    0.837 | 
     | add_54/U504       | A2 ^ -> Z v | OAI21M4R    | 0.100 |   0.898 |    0.937 | 
     | add_54/U594       | A1 v -> Z ^ | AOI21M2R    | 0.113 |   1.011 |    1.050 | 
     | add_54/U572       | A2 ^ -> Z v | OAI21M2R    | 0.099 |   1.110 |    1.149 | 
     | add_54/U586       | A1 v -> Z ^ | AOI21B01M2R | 0.126 |   1.237 |    1.275 | 
     | add_54/U571       | A2 ^ -> Z v | OAI21M2R    | 0.097 |   1.333 |    1.372 | 
     | add_54/U585       | A1 v -> Z ^ | AOI21B01M2R | 0.115 |   1.448 |    1.487 | 
     | add_54/U570       | A2 ^ -> Z v | OAI21M2R    | 0.109 |   1.557 |    1.596 | 
     | add_54/U584       | A1 v -> Z ^ | AOI21B01M4R | 0.097 |   1.654 |    1.693 | 
     | add_54/U569       | A2 ^ -> Z v | OAI21M2R    | 0.093 |   1.747 |    1.786 | 
     | add_54/U583       | A1 v -> Z ^ | AOI21B01M4R | 0.109 |   1.856 |    1.895 | 
     | add_54/U568       | A2 ^ -> Z v | OAI21M4R    | 0.069 |   1.925 |    1.964 | 
     | add_54/U582       | A1 v -> Z ^ | AOI21B01M2R | 0.127 |   2.052 |    2.091 | 
     | add_54/U567       | A2 ^ -> Z v | OAI21M4R    | 0.088 |   2.140 |    2.178 | 
     | add_54/U581       | A1 v -> Z ^ | AOI21B01M4R | 0.087 |   2.227 |    2.265 | 
     | add_54/U566       | A2 ^ -> Z v | OAI21M4R    | 0.067 |   2.294 |    2.333 | 
     | add_54/U580       | A1 v -> Z ^ | AOI21B01M4R | 0.092 |   2.386 |    2.425 | 
     | add_54/U565       | A2 ^ -> Z v | OAI21M4R    | 0.070 |   2.456 |    2.495 | 
     | add_54/U579       | A1 v -> Z ^ | AOI21B01M4R | 0.092 |   2.548 |    2.586 | 
     | add_54/U564       | A2 ^ -> Z v | OAI21M4R    | 0.072 |   2.620 |    2.658 | 
     | add_54/U578       | A1 v -> Z ^ | AOI21B01M4R | 0.093 |   2.713 |    2.751 | 
     | add_54/U563       | A2 ^ -> Z v | OAI21M4R    | 0.077 |   2.790 |    2.829 | 
     | add_54/U577       | A1 v -> Z ^ | AOI21B01M4R | 0.092 |   2.882 |    2.921 | 
     | add_54/U562       | A2 ^ -> Z v | OAI21M4R    | 0.070 |   2.951 |    2.990 | 
     | add_54/U576       | A1 v -> Z ^ | AOI21B01M4R | 0.095 |   3.046 |    3.085 | 
     | add_54/U561       | A2 ^ -> Z v | OAI21M4R    | 0.072 |   3.117 |    3.156 | 
     | add_54/U575       | A1 v -> Z ^ | AOI21B01M2R | 0.129 |   3.246 |    3.285 | 
     | add_54/U560       | A2 ^ -> Z v | OAI21M4R    | 0.083 |   3.329 |    3.368 | 
     | add_54/U574       | A1 v -> Z ^ | AOI21B01M2R | 0.113 |   3.442 |    3.481 | 
     | add_54/U559       | A2 ^ -> Z v | OAI21M2R    | 0.099 |   3.541 |    3.580 | 
     | add_54/U573       | A1 v -> Z ^ | AOI21B01M2R | 0.123 |   3.664 |    3.703 | 
     | add_54/U605       | A2 ^ -> Z v | OAI21M2R    | 0.083 |   3.747 |    3.786 | 
     | add_54/U496       | A v -> Z ^  | XOR2M2RA    | 0.105 |   3.851 |    3.890 | 
     | U370              | A ^ -> Z ^  | AN2M2R      | 0.085 |   3.937 |    3.975 | 
     | acc_reg_63_       | D ^         | DFEQM2RA    | 0.000 |   3.937 |    3.975 | 
     +----------------------------------------------------------------------------+ 
Path 2: MET Setup Check with Pin prod_reg_63_/CK 
Endpoint:   prod_reg_63_/D (v) checked with  leading edge of 'clk'
Beginpoint: acc_reg_0_/Q   (v) triggered by  leading edge of 'clk'
Path Groups: {clk}
Analysis View: analysis_setup
Other End Arrival Time          0.080
- Setup                         0.091
+ Phase Shift                   4.000
+ CPPR Adjustment               0.000
= Required Time                 3.989
- Arrival Time                  3.911
= Slack Time                    0.078
     Clock Rise Edge                 0.000
     + Clock Network Latency (Prop)  -0.003
     = Beginpoint Arrival Time       -0.003
     +-------------------------------------------------------------------------+ 
     |     Instance      |     Arc     |   Cell   | Delay | Arrival | Required | 
     |                   |             |          |       |  Time   |   Time   | 
     |-------------------+-------------+----------+-------+---------+----------| 
     | acc_reg_0_        | CK ^        |          |       |  -0.003 |    0.076 | 
     | acc_reg_0_        | CK ^ -> Q v | DFEQM4RA | 0.233 |   0.230 |    0.309 | 
     | sub_66/U203       | A v -> Z ^  | NR2M2R   | 0.100 |   0.330 |    0.408 | 
     | sub_66/U218       | B ^ -> Z v  | ND2M2R   | 0.098 |   0.428 |    0.506 | 
     | sub_66/U205       | A v -> Z ^  | NR2M4R   | 0.100 |   0.528 |    0.607 | 
     | sub_66/U220       | B ^ -> Z v  | ND2M2R   | 0.104 |   0.632 |    0.710 | 
     | sub_66/U226       | A v -> Z ^  | NR2M4R   | 0.103 |   0.735 |    0.813 | 
     | sub_66/U224       | B ^ -> CO ^ | ADHM1RA  | 0.105 |   0.840 |    0.918 | 
     | sub_66/FE_RC_11_0 | B ^ -> Z ^  | AN2M4R   | 0.096 |   0.936 |    1.014 | 
     | sub_66/U230       | B ^ -> CO ^ | ADHM1RA  | 0.094 |   1.030 |    1.108 | 
     | sub_66/U232       | B ^ -> CO ^ | ADHM1RA  | 0.099 |   1.129 |    1.207 | 
     | sub_66/U234       | B ^ -> CO ^ | ADHM1RA  | 0.097 |   1.226 |    1.304 | 
     | sub_66/U236       | B ^ -> CO ^ | ADHM1RA  | 0.097 |   1.323 |    1.402 | 
     | sub_66/U238       | B ^ -> CO ^ | ADHM1RA  | 0.098 |   1.421 |    1.499 | 
     | sub_66/FE_RC_15_0 | B ^ -> Z ^  | AN2M6R   | 0.088 |   1.508 |    1.587 | 
     | sub_66/FE_RC_0_0  | B ^ -> Z ^  | AN2M4R   | 0.094 |   1.602 |    1.680 | 
     | sub_66/U244       | B ^ -> CO ^ | ADHM1RA  | 0.104 |   1.706 |    1.784 | 
     | sub_66/U246       | B ^ -> CO ^ | ADHM1RA  | 0.102 |   1.808 |    1.886 | 
     | sub_66/U248       | B ^ -> CO ^ | ADHM1RA  | 0.099 |   1.907 |    1.985 | 
     | sub_66/U250       | B ^ -> CO ^ | ADHM4RA  | 0.098 |   2.005 |    2.083 | 
     | sub_66/U252       | B ^ -> CO ^ | ADHM1RA  | 0.093 |   2.098 |    2.177 | 
     | sub_66/U254       | B ^ -> CO ^ | ADHM1RA  | 0.102 |   2.200 |    2.279 | 
     | sub_66/U256       | B ^ -> CO ^ | ADHM1RA  | 0.104 |   2.305 |    2.383 | 
     | sub_66/U258       | B ^ -> CO ^ | ADHM1RA  | 0.100 |   2.404 |    2.483 | 
     | sub_66/U260       | B ^ -> CO ^ | ADHM1RA  | 0.100 |   2.504 |    2.582 | 
     | sub_66/U262       | B ^ -> CO ^ | ADHM4RA  | 0.102 |   2.606 |    2.685 | 
     | sub_66/U264       | B ^ -> CO ^ | ADHM1RA  | 0.101 |   2.707 |    2.786 | 
     | sub_66/FE_RC_7_0  | A ^ -> Z v  | INVM2R   | 0.044 |   2.751 |    2.830 | 
     | sub_66/FE_RC_6_0  | B v -> Z ^  | NR2B1M4R | 0.066 |   2.817 |    2.896 | 
     | sub_66/FE_RC_19_0 | B ^ -> Z ^  | AN2M6R   | 0.092 |   2.909 |    2.988 | 
     | sub_66/FE_RC_4_0  | B ^ -> Z ^  | AN2M6R   | 0.081 |   2.990 |    3.069 | 
     | sub_66/FE_RC_17_0 | B ^ -> Z ^  | AN2M12RA | 0.074 |   3.064 |    3.142 | 
     | sub_66/FE_RC_13_0 | B ^ -> Z ^  | AN2M12RA | 0.069 |   3.133 |    3.211 | 
     | sub_66/U276       | B ^ -> CO ^ | ADHM1RA  | 0.091 |   3.224 |    3.302 | 
     | sub_66/U278       | B ^ -> CO ^ | ADHM1RA  | 0.098 |   3.322 |    3.400 | 
     | sub_66/U280       | B ^ -> CO ^ | ADHM4RA  | 0.099 |   3.421 |    3.500 | 
     | sub_66/U282       | B ^ -> CO ^ | ADHM1RA  | 0.097 |   3.518 |    3.596 | 
     | sub_66/U284       | B ^ -> CO ^ | ADHM1RA  | 0.099 |   3.616 |    3.695 | 
     | sub_66/U286       | B ^ -> CO ^ | ADHM1RA  | 0.085 |   3.701 |    3.779 | 
     | sub_66/U210       | A ^ -> Z v  | XNR2M2RA | 0.092 |   3.793 |    3.871 | 
     | U546              | B v -> Z v  | MUX2M2RA | 0.118 |   3.911 |    3.989 | 
     | prod_reg_63_      | D v         | DFEQM2RA | 0.000 |   3.911 |    3.989 | 
     +-------------------------------------------------------------------------+ 
Path 3: MET Setup Check with Pin acc_reg_62_/CK 
Endpoint:   acc_reg_62_/D  (v) checked with  leading edge of 'clk'
Beginpoint: opa_r_reg_1_/Q (v) triggered by  leading edge of 'clk'
Path Groups: {clk}
Analysis View: analysis_setup
Other End Arrival Time          0.084
- Setup                         0.087
+ Phase Shift                   4.000
+ CPPR Adjustment               0.000
= Required Time                 3.997
- Arrival Time                  3.885
= Slack Time                    0.113
     Clock Rise Edge                 0.000
     + Clock Network Latency (Prop)  0.003
     = Beginpoint Arrival Time       0.003
     +----------------------------------------------------------------------------+ 
     |     Instance      |     Arc     |    Cell     | Delay | Arrival | Required | 
     |                   |             |             |       |  Time   |   Time   | 
     |-------------------+-------------+-------------+-------+---------+----------| 
     | opa_r_reg_1_      | CK ^        |             |       |   0.003 |    0.115 | 
     | opa_r_reg_1_      | CK ^ -> Q v | DFEQM2RA    | 0.225 |   0.228 |    0.340 | 
     | add_54/U784       | A v -> Z ^  | NR2M2R      | 0.087 |   0.315 |    0.427 | 
     | add_54/U554       | A2 ^ -> Z v | OAI21M2R    | 0.093 |   0.407 |    0.520 | 
     | add_54/U587       | A2 v -> Z ^ | AOI21M2R    | 0.142 |   0.549 |    0.662 | 
     | add_54/FE_RC_21_0 | A2 ^ -> Z v | OAI21M4R    | 0.095 |   0.644 |    0.757 | 
     | add_54/U508       | A1 v -> Z ^ | AOI21M2R    | 0.154 |   0.798 |    0.911 | 
     | add_54/U504       | A2 ^ -> Z v | OAI21M4R    | 0.100 |   0.898 |    1.011 | 
     | add_54/U594       | A1 v -> Z ^ | AOI21M2R    | 0.113 |   1.011 |    1.124 | 
     | add_54/U572       | A2 ^ -> Z v | OAI21M2R    | 0.099 |   1.110 |    1.223 | 
     | add_54/U586       | A1 v -> Z ^ | AOI21B01M2R | 0.126 |   1.237 |    1.349 | 
     | add_54/U571       | A2 ^ -> Z v | OAI21M2R    | 0.097 |   1.333 |    1.446 | 
     | add_54/U585       | A1 v -> Z ^ | AOI21B01M2R | 0.115 |   1.448 |    1.560 | 
     | add_54/U570       | A2 ^ -> Z v | OAI21M2R    | 0.109 |   1.557 |    1.670 | 
     | add_54/U584       | A1 v -> Z ^ | AOI21B01M4R | 0.097 |   1.654 |    1.766 | 
     | add_54/U569       | A2 ^ -> Z v | OAI21M2R    | 0.093 |   1.747 |    1.859 | 
     | add_54/U583       | A1 v -> Z ^ | AOI21B01M4R | 0.109 |   1.856 |    1.968 | 
     | add_54/U568       | A2 ^ -> Z v | OAI21M4R    | 0.069 |   1.925 |    2.037 | 
     | add_54/U582       | A1 v -> Z ^ | AOI21B01M2R | 0.127 |   2.052 |    2.164 | 
     | add_54/U567       | A2 ^ -> Z v | OAI21M4R    | 0.088 |   2.140 |    2.252 | 
     | add_54/U581       | A1 v -> Z ^ | AOI21B01M4R | 0.087 |   2.227 |    2.339 | 
     | add_54/U566       | A2 ^ -> Z v | OAI21M4R    | 0.067 |   2.294 |    2.406 | 
     | add_54/U580       | A1 v -> Z ^ | AOI21B01M4R | 0.092 |   2.386 |    2.498 | 
     | add_54/U565       | A2 ^ -> Z v | OAI21M4R    | 0.070 |   2.456 |    2.568 | 
     | add_54/U579       | A1 v -> Z ^ | AOI21B01M4R | 0.092 |   2.548 |    2.660 | 
     | add_54/U564       | A2 ^ -> Z v | OAI21M4R    | 0.072 |   2.620 |    2.732 | 
     | add_54/U578       | A1 v -> Z ^ | AOI21B01M4R | 0.093 |   2.713 |    2.825 | 
     | add_54/U563       | A2 ^ -> Z v | OAI21M4R    | 0.077 |   2.790 |    2.902 | 
     | add_54/U577       | A1 v -> Z ^ | AOI21B01M4R | 0.092 |   2.882 |    2.994 | 
     | add_54/U562       | A2 ^ -> Z v | OAI21M4R    | 0.070 |   2.951 |    3.064 | 
     | add_54/U576       | A1 v -> Z ^ | AOI21B01M4R | 0.095 |   3.046 |    3.158 | 
     | add_54/U561       | A2 ^ -> Z v | OAI21M4R    | 0.072 |   3.117 |    3.230 | 
     | add_54/U575       | A1 v -> Z ^ | AOI21B01M2R | 0.129 |   3.246 |    3.359 | 
     | add_54/U560       | A2 ^ -> Z v | OAI21M4R    | 0.083 |   3.329 |    3.442 | 
     | add_54/U574       | A1 v -> Z ^ | AOI21B01M2R | 0.113 |   3.442 |    3.555 | 
     | add_54/U559       | A2 ^ -> Z v | OAI21M2R    | 0.099 |   3.541 |    3.654 | 
     | add_54/U573       | A1 v -> Z ^ | AOI21B01M2R | 0.123 |   3.664 |    3.777 | 
     | add_54/U3         | A ^ -> Z v  | XOR2M2RA    | 0.134 |   3.798 |    3.911 | 
     | U278              | A v -> Z v  | AN2M2R      | 0.086 |   3.885 |    3.997 | 
     | acc_reg_62_       | D v         | DFEQM2RA    | 0.000 |   3.885 |    3.997 | 
     +----------------------------------------------------------------------------+ 
Path 4: MET Setup Check with Pin prod_reg_62_/CK 
Endpoint:   prod_reg_62_/D (^) checked with  leading edge of 'clk'
Beginpoint: acc_reg_0_/Q   (v) triggered by  leading edge of 'clk'
Path Groups: {clk}
Analysis View: analysis_setup
Other End Arrival Time          0.080
- Setup                         0.110
+ Phase Shift                   4.000
+ CPPR Adjustment               0.000
= Required Time                 3.970
- Arrival Time                  3.826
= Slack Time                    0.144
     Clock Rise Edge                 0.000
     + Clock Network Latency (Prop)  -0.003
     = Beginpoint Arrival Time       -0.003
     +--------------------------------------------------------------------------+ 
     |     Instance      |     Arc     |   Cell    | Delay | Arrival | Required | 
     |                   |             |           |       |  Time   |   Time   | 
     |-------------------+-------------+-----------+-------+---------+----------| 
     | acc_reg_0_        | CK ^        |           |       |  -0.003 |    0.141 | 
     | acc_reg_0_        | CK ^ -> Q v | DFEQM4RA  | 0.233 |   0.230 |    0.374 | 
     | sub_66/U203       | A v -> Z ^  | NR2M2R    | 0.100 |   0.330 |    0.474 | 
     | sub_66/U218       | B ^ -> Z v  | ND2M2R    | 0.098 |   0.428 |    0.572 | 
     | sub_66/U205       | A v -> Z ^  | NR2M4R    | 0.100 |   0.528 |    0.672 | 
     | sub_66/U220       | B ^ -> Z v  | ND2M2R    | 0.104 |   0.632 |    0.776 | 
     | sub_66/U226       | A v -> Z ^  | NR2M4R    | 0.103 |   0.735 |    0.878 | 
     | sub_66/U224       | B ^ -> CO ^ | ADHM1RA   | 0.105 |   0.840 |    0.984 | 
     | sub_66/FE_RC_11_0 | B ^ -> Z ^  | AN2M4R    | 0.096 |   0.936 |    1.079 | 
     | sub_66/U230       | B ^ -> CO ^ | ADHM1RA   | 0.094 |   1.030 |    1.173 | 
     | sub_66/U232       | B ^ -> CO ^ | ADHM1RA   | 0.099 |   1.129 |    1.273 | 
     | sub_66/U234       | B ^ -> CO ^ | ADHM1RA   | 0.097 |   1.226 |    1.369 | 
     | sub_66/U236       | B ^ -> CO ^ | ADHM1RA   | 0.097 |   1.323 |    1.467 | 
     | sub_66/U238       | B ^ -> CO ^ | ADHM1RA   | 0.098 |   1.421 |    1.564 | 
     | sub_66/FE_RC_15_0 | B ^ -> Z ^  | AN2M6R    | 0.088 |   1.508 |    1.652 | 
     | sub_66/FE_RC_0_0  | B ^ -> Z ^  | AN2M4R    | 0.094 |   1.602 |    1.746 | 
     | sub_66/U244       | B ^ -> CO ^ | ADHM1RA   | 0.104 |   1.706 |    1.849 | 
     | sub_66/U246       | B ^ -> CO ^ | ADHM1RA   | 0.102 |   1.808 |    1.951 | 
     | sub_66/U248       | B ^ -> CO ^ | ADHM1RA   | 0.099 |   1.907 |    2.050 | 
     | sub_66/U250       | B ^ -> CO ^ | ADHM4RA   | 0.098 |   2.005 |    2.149 | 
     | sub_66/U252       | B ^ -> CO ^ | ADHM1RA   | 0.093 |   2.098 |    2.242 | 
     | sub_66/U254       | B ^ -> CO ^ | ADHM1RA   | 0.102 |   2.200 |    2.344 | 
     | sub_66/U256       | B ^ -> CO ^ | ADHM1RA   | 0.104 |   2.305 |    2.448 | 
     | sub_66/U258       | B ^ -> CO ^ | ADHM1RA   | 0.100 |   2.404 |    2.548 | 
     | sub_66/U260       | B ^ -> CO ^ | ADHM1RA   | 0.100 |   2.504 |    2.648 | 
     | sub_66/U262       | B ^ -> CO ^ | ADHM4RA   | 0.102 |   2.606 |    2.750 | 
     | sub_66/U264       | B ^ -> CO ^ | ADHM1RA   | 0.101 |   2.707 |    2.851 | 
     | sub_66/FE_RC_7_0  | A ^ -> Z v  | INVM2R    | 0.044 |   2.751 |    2.895 | 
     | sub_66/FE_RC_6_0  | B v -> Z ^  | NR2B1M4R  | 0.066 |   2.817 |    2.961 | 
     | sub_66/FE_RC_19_0 | B ^ -> Z ^  | AN2M6R    | 0.092 |   2.909 |    3.053 | 
     | sub_66/FE_RC_4_0  | B ^ -> Z ^  | AN2M6R    | 0.081 |   2.990 |    3.134 | 
     | sub_66/FE_RC_17_0 | B ^ -> Z ^  | AN2M12RA  | 0.074 |   3.064 |    3.208 | 
     | sub_66/FE_RC_13_0 | B ^ -> Z ^  | AN2M12RA  | 0.069 |   3.133 |    3.277 | 
     | sub_66/U276       | B ^ -> CO ^ | ADHM1RA   | 0.091 |   3.224 |    3.367 | 
     | sub_66/U278       | B ^ -> CO ^ | ADHM1RA   | 0.098 |   3.322 |    3.465 | 
     | sub_66/U280       | B ^ -> CO ^ | ADHM4RA   | 0.099 |   3.421 |    3.565 | 
     | sub_66/U282       | B ^ -> CO ^ | ADHM1RA   | 0.097 |   3.518 |    3.661 | 
     | sub_66/U284       | B ^ -> CO ^ | ADHM1RA   | 0.099 |   3.616 |    3.760 | 
     | sub_66/U286       | B ^ -> S ^  | ADHM1RA   | 0.080 |   3.696 |    3.840 | 
     | U545              | B ^ -> Z ^  | CKMUX2M2R | 0.130 |   3.826 |    3.970 | 
     | prod_reg_62_      | D ^         | DFEQM2RA  | 0.000 |   3.826 |    3.970 | 
     +--------------------------------------------------------------------------+ 
Path 5: MET Setup Check with Pin acc_reg_61_/CK 
Endpoint:   acc_reg_61_/D  (^) checked with  leading edge of 'clk'
Beginpoint: opa_r_reg_1_/Q (v) triggered by  leading edge of 'clk'
Path Groups: {clk}
Analysis View: analysis_setup
Other End Arrival Time          0.084
- Setup                         0.103
+ Phase Shift                   4.000
+ CPPR Adjustment               0.000
= Required Time                 3.981
- Arrival Time                  3.763
= Slack Time                    0.218
     Clock Rise Edge                 0.000
     + Clock Network Latency (Prop)  0.003
     = Beginpoint Arrival Time       0.003
     +----------------------------------------------------------------------------+ 
     |     Instance      |     Arc     |    Cell     | Delay | Arrival | Required | 
     |                   |             |             |       |  Time   |   Time   | 
     |-------------------+-------------+-------------+-------+---------+----------| 
     | opa_r_reg_1_      | CK ^        |             |       |   0.003 |    0.221 | 
     | opa_r_reg_1_      | CK ^ -> Q v | DFEQM2RA    | 0.225 |   0.228 |    0.446 | 
     | add_54/U784       | A v -> Z ^  | NR2M2R      | 0.087 |   0.315 |    0.533 | 
     | add_54/U554       | A2 ^ -> Z v | OAI21M2R    | 0.093 |   0.407 |    0.625 | 
     | add_54/U587       | A2 v -> Z ^ | AOI21M2R    | 0.142 |   0.549 |    0.768 | 
     | add_54/FE_RC_21_0 | A2 ^ -> Z v | OAI21M4R    | 0.095 |   0.644 |    0.862 | 
     | add_54/U508       | A1 v -> Z ^ | AOI21M2R    | 0.154 |   0.798 |    1.016 | 
     | add_54/U504       | A2 ^ -> Z v | OAI21M4R    | 0.100 |   0.898 |    1.116 | 
     | add_54/U594       | A1 v -> Z ^ | AOI21M2R    | 0.113 |   1.011 |    1.229 | 
     | add_54/U572       | A2 ^ -> Z v | OAI21M2R    | 0.099 |   1.110 |    1.329 | 
     | add_54/U586       | A1 v -> Z ^ | AOI21B01M2R | 0.126 |   1.237 |    1.455 | 
     | add_54/U571       | A2 ^ -> Z v | OAI21M2R    | 0.097 |   1.333 |    1.552 | 
     | add_54/U585       | A1 v -> Z ^ | AOI21B01M2R | 0.115 |   1.448 |    1.666 | 
     | add_54/U570       | A2 ^ -> Z v | OAI21M2R    | 0.109 |   1.557 |    1.775 | 
     | add_54/U584       | A1 v -> Z ^ | AOI21B01M4R | 0.097 |   1.654 |    1.872 | 
     | add_54/U569       | A2 ^ -> Z v | OAI21M2R    | 0.093 |   1.747 |    1.965 | 
     | add_54/U583       | A1 v -> Z ^ | AOI21B01M4R | 0.109 |   1.856 |    2.074 | 
     | add_54/U568       | A2 ^ -> Z v | OAI21M4R    | 0.069 |   1.925 |    2.143 | 
     | add_54/U582       | A1 v -> Z ^ | AOI21B01M2R | 0.127 |   2.052 |    2.270 | 
     | add_54/U567       | A2 ^ -> Z v | OAI21M4R    | 0.088 |   2.140 |    2.358 | 
     | add_54/U581       | A1 v -> Z ^ | AOI21B01M4R | 0.087 |   2.227 |    2.445 | 
     | add_54/U566       | A2 ^ -> Z v | OAI21M4R    | 0.067 |   2.294 |    2.512 | 
     | add_54/U580       | A1 v -> Z ^ | AOI21B01M4R | 0.092 |   2.386 |    2.604 | 
     | add_54/U565       | A2 ^ -> Z v | OAI21M4R    | 0.070 |   2.456 |    2.674 | 
     | add_54/U579       | A1 v -> Z ^ | AOI21B01M4R | 0.092 |   2.548 |    2.766 | 
     | add_54/U564       | A2 ^ -> Z v | OAI21M4R    | 0.072 |   2.620 |    2.838 | 
     | add_54/U578       | A1 v -> Z ^ | AOI21B01M4R | 0.093 |   2.713 |    2.931 | 
     | add_54/U563       | A2 ^ -> Z v | OAI21M4R    | 0.077 |   2.790 |    3.008 | 
     | add_54/U577       | A1 v -> Z ^ | AOI21B01M4R | 0.092 |   2.882 |    3.100 | 
     | add_54/U562       | A2 ^ -> Z v | OAI21M4R    | 0.070 |   2.951 |    3.169 | 
     | add_54/U576       | A1 v -> Z ^ | AOI21B01M4R | 0.095 |   3.046 |    3.264 | 
     | add_54/U561       | A2 ^ -> Z v | OAI21M4R    | 0.072 |   3.117 |    3.336 | 
     | add_54/U575       | A1 v -> Z ^ | AOI21B01M2R | 0.129 |   3.246 |    3.464 | 
     | add_54/U560       | A2 ^ -> Z v | OAI21M4R    | 0.083 |   3.329 |    3.548 | 
     | add_54/U574       | A1 v -> Z ^ | AOI21B01M2R | 0.113 |   3.442 |    3.660 | 
     | add_54/U559       | A2 ^ -> Z v | OAI21M2R    | 0.099 |   3.541 |    3.759 | 
     | add_54/U9         | A v -> Z ^  | XNR2M2RA    | 0.135 |   3.676 |    3.894 | 
     | U274              | A ^ -> Z ^  | AN2M2R      | 0.087 |   3.763 |    3.981 | 
     | acc_reg_61_       | D ^         | DFEQM2RA    | 0.000 |   3.763 |    3.981 | 
     +----------------------------------------------------------------------------+ 
Path 6: MET Setup Check with Pin prod_reg_61_/CK 
Endpoint:   prod_reg_61_/D (^) checked with  leading edge of 'clk'
Beginpoint: acc_reg_0_/Q   (v) triggered by  leading edge of 'clk'
Path Groups: {clk}
Analysis View: analysis_setup
Other End Arrival Time          0.080
- Setup                         0.111
+ Phase Shift                   4.000
+ CPPR Adjustment               0.000
= Required Time                 3.969
- Arrival Time                  3.732
= Slack Time                    0.237
     Clock Rise Edge                 0.000
     + Clock Network Latency (Prop)  -0.003
     = Beginpoint Arrival Time       -0.003
     +--------------------------------------------------------------------------+ 
     |     Instance      |     Arc     |   Cell    | Delay | Arrival | Required | 
     |                   |             |           |       |  Time   |   Time   | 
     |-------------------+-------------+-----------+-------+---------+----------| 
     | acc_reg_0_        | CK ^        |           |       |  -0.003 |    0.234 | 
     | acc_reg_0_        | CK ^ -> Q v | DFEQM4RA  | 0.233 |   0.230 |    0.467 | 
     | sub_66/U203       | A v -> Z ^  | NR2M2R    | 0.100 |   0.330 |    0.567 | 
     | sub_66/U218       | B ^ -> Z v  | ND2M2R    | 0.098 |   0.428 |    0.665 | 
     | sub_66/U205       | A v -> Z ^  | NR2M4R    | 0.100 |   0.528 |    0.765 | 
     | sub_66/U220       | B ^ -> Z v  | ND2M2R    | 0.104 |   0.632 |    0.869 | 
     | sub_66/U226       | A v -> Z ^  | NR2M4R    | 0.103 |   0.735 |    0.972 | 
     | sub_66/U224       | B ^ -> CO ^ | ADHM1RA   | 0.105 |   0.840 |    1.077 | 
     | sub_66/FE_RC_11_0 | B ^ -> Z ^  | AN2M4R    | 0.096 |   0.936 |    1.173 | 
     | sub_66/U230       | B ^ -> CO ^ | ADHM1RA   | 0.094 |   1.030 |    1.267 | 
     | sub_66/U232       | B ^ -> CO ^ | ADHM1RA   | 0.099 |   1.129 |    1.366 | 
     | sub_66/U234       | B ^ -> CO ^ | ADHM1RA   | 0.097 |   1.226 |    1.463 | 
     | sub_66/U236       | B ^ -> CO ^ | ADHM1RA   | 0.097 |   1.323 |    1.560 | 
     | sub_66/U238       | B ^ -> CO ^ | ADHM1RA   | 0.098 |   1.421 |    1.658 | 
     | sub_66/FE_RC_15_0 | B ^ -> Z ^  | AN2M6R    | 0.088 |   1.508 |    1.745 | 
     | sub_66/FE_RC_0_0  | B ^ -> Z ^  | AN2M4R    | 0.094 |   1.602 |    1.839 | 
     | sub_66/U244       | B ^ -> CO ^ | ADHM1RA   | 0.104 |   1.706 |    1.943 | 
     | sub_66/U246       | B ^ -> CO ^ | ADHM1RA   | 0.102 |   1.808 |    2.044 | 
     | sub_66/U248       | B ^ -> CO ^ | ADHM1RA   | 0.099 |   1.907 |    2.143 | 
     | sub_66/U250       | B ^ -> CO ^ | ADHM4RA   | 0.098 |   2.005 |    2.242 | 
     | sub_66/U252       | B ^ -> CO ^ | ADHM1RA   | 0.093 |   2.098 |    2.335 | 
     | sub_66/U254       | B ^ -> CO ^ | ADHM1RA   | 0.102 |   2.200 |    2.437 | 
     | sub_66/U256       | B ^ -> CO ^ | ADHM1RA   | 0.104 |   2.305 |    2.541 | 
     | sub_66/U258       | B ^ -> CO ^ | ADHM1RA   | 0.100 |   2.404 |    2.641 | 
     | sub_66/U260       | B ^ -> CO ^ | ADHM1RA   | 0.100 |   2.504 |    2.741 | 
     | sub_66/U262       | B ^ -> CO ^ | ADHM4RA   | 0.102 |   2.606 |    2.843 | 
     | sub_66/U264       | B ^ -> CO ^ | ADHM1RA   | 0.101 |   2.707 |    2.944 | 
     | sub_66/FE_RC_7_0  | A ^ -> Z v  | INVM2R    | 0.044 |   2.751 |    2.988 | 
     | sub_66/FE_RC_6_0  | B v -> Z ^  | NR2B1M4R  | 0.066 |   2.817 |    3.054 | 
     | sub_66/FE_RC_19_0 | B ^ -> Z ^  | AN2M6R    | 0.092 |   2.909 |    3.146 | 
     | sub_66/FE_RC_4_0  | B ^ -> Z ^  | AN2M6R    | 0.081 |   2.990 |    3.227 | 
     | sub_66/FE_RC_17_0 | B ^ -> Z ^  | AN2M12RA  | 0.074 |   3.064 |    3.301 | 
     | sub_66/FE_RC_13_0 | B ^ -> Z ^  | AN2M12RA  | 0.069 |   3.133 |    3.370 | 
     | sub_66/U276       | B ^ -> CO ^ | ADHM1RA   | 0.091 |   3.224 |    3.461 | 
     | sub_66/U278       | B ^ -> CO ^ | ADHM1RA   | 0.098 |   3.322 |    3.559 | 
     | sub_66/U280       | B ^ -> CO ^ | ADHM4RA   | 0.099 |   3.421 |    3.658 | 
     | sub_66/U282       | B ^ -> CO ^ | ADHM1RA   | 0.097 |   3.518 |    3.755 | 
     | sub_66/U284       | B ^ -> S ^  | ADHM1RA   | 0.079 |   3.597 |    3.834 | 
     | U544              | B ^ -> Z ^  | CKMUX2M2R | 0.135 |   3.732 |    3.969 | 
     | prod_reg_61_      | D ^         | DFEQM2RA  | 0.000 |   3.732 |    3.969 | 
     +--------------------------------------------------------------------------+ 
Path 7: MET Setup Check with Pin acc_reg_60_/CK 
Endpoint:   acc_reg_60_/D  (v) checked with  leading edge of 'clk'
Beginpoint: opa_r_reg_1_/Q (v) triggered by  leading edge of 'clk'
Path Groups: {clk}
Analysis View: analysis_setup
Other End Arrival Time          0.080
- Setup                         0.089
+ Phase Shift                   4.000
+ CPPR Adjustment               0.000
= Required Time                 3.992
- Arrival Time                  3.660
= Slack Time                    0.332
     Clock Rise Edge                 0.000
     + Clock Network Latency (Prop)  0.003
     = Beginpoint Arrival Time       0.003
     +----------------------------------------------------------------------------+ 
     |     Instance      |     Arc     |    Cell     | Delay | Arrival | Required | 
     |                   |             |             |       |  Time   |   Time   | 
     |-------------------+-------------+-------------+-------+---------+----------| 
     | opa_r_reg_1_      | CK ^        |             |       |   0.003 |    0.335 | 
     | opa_r_reg_1_      | CK ^ -> Q v | DFEQM2RA    | 0.225 |   0.228 |    0.560 | 
     | add_54/U784       | A v -> Z ^  | NR2M2R      | 0.087 |   0.315 |    0.646 | 
     | add_54/U554       | A2 ^ -> Z v | OAI21M2R    | 0.093 |   0.407 |    0.739 | 
     | add_54/U587       | A2 v -> Z ^ | AOI21M2R    | 0.142 |   0.549 |    0.881 | 
     | add_54/FE_RC_21_0 | A2 ^ -> Z v | OAI21M4R    | 0.095 |   0.644 |    0.976 | 
     | add_54/U508       | A1 v -> Z ^ | AOI21M2R    | 0.154 |   0.798 |    1.130 | 
     | add_54/U504       | A2 ^ -> Z v | OAI21M4R    | 0.100 |   0.898 |    1.230 | 
     | add_54/U594       | A1 v -> Z ^ | AOI21M2R    | 0.113 |   1.011 |    1.343 | 
     | add_54/U572       | A2 ^ -> Z v | OAI21M2R    | 0.099 |   1.110 |    1.442 | 
     | add_54/U586       | A1 v -> Z ^ | AOI21B01M2R | 0.126 |   1.237 |    1.568 | 
     | add_54/U571       | A2 ^ -> Z v | OAI21M2R    | 0.097 |   1.333 |    1.665 | 
     | add_54/U585       | A1 v -> Z ^ | AOI21B01M2R | 0.115 |   1.448 |    1.780 | 
     | add_54/U570       | A2 ^ -> Z v | OAI21M2R    | 0.109 |   1.557 |    1.889 | 
     | add_54/U584       | A1 v -> Z ^ | AOI21B01M4R | 0.097 |   1.654 |    1.986 | 
     | add_54/U569       | A2 ^ -> Z v | OAI21M2R    | 0.093 |   1.747 |    2.079 | 
     | add_54/U583       | A1 v -> Z ^ | AOI21B01M4R | 0.109 |   1.856 |    2.188 | 
     | add_54/U568       | A2 ^ -> Z v | OAI21M4R    | 0.069 |   1.925 |    2.257 | 
     | add_54/U582       | A1 v -> Z ^ | AOI21B01M2R | 0.127 |   2.052 |    2.384 | 
     | add_54/U567       | A2 ^ -> Z v | OAI21M4R    | 0.088 |   2.140 |    2.471 | 
     | add_54/U581       | A1 v -> Z ^ | AOI21B01M4R | 0.087 |   2.227 |    2.558 | 
     | add_54/U566       | A2 ^ -> Z v | OAI21M4R    | 0.067 |   2.294 |    2.626 | 
     | add_54/U580       | A1 v -> Z ^ | AOI21B01M4R | 0.092 |   2.386 |    2.718 | 
     | add_54/U565       | A2 ^ -> Z v | OAI21M4R    | 0.070 |   2.456 |    2.788 | 
     | add_54/U579       | A1 v -> Z ^ | AOI21B01M4R | 0.092 |   2.548 |    2.879 | 
     | add_54/U564       | A2 ^ -> Z v | OAI21M4R    | 0.072 |   2.620 |    2.951 | 
     | add_54/U578       | A1 v -> Z ^ | AOI21B01M4R | 0.093 |   2.713 |    3.044 | 
     | add_54/U563       | A2 ^ -> Z v | OAI21M4R    | 0.077 |   2.790 |    3.122 | 
     | add_54/U577       | A1 v -> Z ^ | AOI21B01M4R | 0.092 |   2.882 |    3.214 | 
     | add_54/U562       | A2 ^ -> Z v | OAI21M4R    | 0.070 |   2.951 |    3.283 | 
     | add_54/U576       | A1 v -> Z ^ | AOI21B01M4R | 0.095 |   3.046 |    3.378 | 
     | add_54/U561       | A2 ^ -> Z v | OAI21M4R    | 0.072 |   3.117 |    3.449 | 
     | add_54/U575       | A1 v -> Z ^ | AOI21B01M2R | 0.129 |   3.246 |    3.578 | 
     | add_54/U560       | A2 ^ -> Z v | OAI21M4R    | 0.083 |   3.329 |    3.661 | 
     | add_54/U574       | A1 v -> Z ^ | AOI21B01M2R | 0.113 |   3.442 |    3.774 | 
     | add_54/U17        | A ^ -> Z v  | XOR2M2RA    | 0.132 |   3.575 |    3.906 | 
     | U279              | A v -> Z v  | AN2M2R      | 0.085 |   3.660 |    3.992 | 
     | acc_reg_60_       | D v         | DFEQM2RA    | 0.000 |   3.660 |    3.992 | 
     +----------------------------------------------------------------------------+ 
Path 8: MET Setup Check with Pin prod_reg_60_/CK 
Endpoint:   prod_reg_60_/D (^) checked with  leading edge of 'clk'
Beginpoint: acc_reg_0_/Q   (v) triggered by  leading edge of 'clk'
Path Groups: {clk}
Analysis View: analysis_setup
Other End Arrival Time          0.080
- Setup                         0.108
+ Phase Shift                   4.000
+ CPPR Adjustment               0.000
= Required Time                 3.972
- Arrival Time                  3.618
= Slack Time                    0.354
     Clock Rise Edge                 0.000
     + Clock Network Latency (Prop)  -0.003
     = Beginpoint Arrival Time       -0.003
     +--------------------------------------------------------------------------+ 
     |     Instance      |     Arc     |   Cell    | Delay | Arrival | Required | 
     |                   |             |           |       |  Time   |   Time   | 
     |-------------------+-------------+-----------+-------+---------+----------| 
     | acc_reg_0_        | CK ^        |           |       |  -0.003 |    0.352 | 
     | acc_reg_0_        | CK ^ -> Q v | DFEQM4RA  | 0.233 |   0.230 |    0.585 | 
     | sub_66/U203       | A v -> Z ^  | NR2M2R    | 0.100 |   0.330 |    0.684 | 
     | sub_66/U218       | B ^ -> Z v  | ND2M2R    | 0.098 |   0.428 |    0.782 | 
     | sub_66/U205       | A v -> Z ^  | NR2M4R    | 0.100 |   0.528 |    0.883 | 
     | sub_66/U220       | B ^ -> Z v  | ND2M2R    | 0.104 |   0.632 |    0.986 | 
     | sub_66/U226       | A v -> Z ^  | NR2M4R    | 0.103 |   0.735 |    1.089 | 
     | sub_66/U224       | B ^ -> CO ^ | ADHM1RA   | 0.105 |   0.840 |    1.194 | 
     | sub_66/FE_RC_11_0 | B ^ -> Z ^  | AN2M4R    | 0.096 |   0.936 |    1.290 | 
     | sub_66/U230       | B ^ -> CO ^ | ADHM1RA   | 0.094 |   1.030 |    1.384 | 
     | sub_66/U232       | B ^ -> CO ^ | ADHM1RA   | 0.099 |   1.129 |    1.483 | 
     | sub_66/U234       | B ^ -> CO ^ | ADHM1RA   | 0.097 |   1.226 |    1.580 | 
     | sub_66/U236       | B ^ -> CO ^ | ADHM1RA   | 0.097 |   1.323 |    1.678 | 
     | sub_66/U238       | B ^ -> CO ^ | ADHM1RA   | 0.098 |   1.421 |    1.775 | 
     | sub_66/FE_RC_15_0 | B ^ -> Z ^  | AN2M6R    | 0.088 |   1.508 |    1.863 | 
     | sub_66/FE_RC_0_0  | B ^ -> Z ^  | AN2M4R    | 0.094 |   1.602 |    1.956 | 
     | sub_66/U244       | B ^ -> CO ^ | ADHM1RA   | 0.104 |   1.706 |    2.060 | 
     | sub_66/U246       | B ^ -> CO ^ | ADHM1RA   | 0.102 |   1.808 |    2.162 | 
     | sub_66/U248       | B ^ -> CO ^ | ADHM1RA   | 0.099 |   1.907 |    2.261 | 
     | sub_66/U250       | B ^ -> CO ^ | ADHM4RA   | 0.098 |   2.005 |    2.359 | 
     | sub_66/U252       | B ^ -> CO ^ | ADHM1RA   | 0.093 |   2.098 |    2.453 | 
     | sub_66/U254       | B ^ -> CO ^ | ADHM1RA   | 0.102 |   2.200 |    2.555 | 
     | sub_66/U256       | B ^ -> CO ^ | ADHM1RA   | 0.104 |   2.305 |    2.659 | 
     | sub_66/U258       | B ^ -> CO ^ | ADHM1RA   | 0.100 |   2.404 |    2.759 | 
     | sub_66/U260       | B ^ -> CO ^ | ADHM1RA   | 0.100 |   2.504 |    2.858 | 
     | sub_66/U262       | B ^ -> CO ^ | ADHM4RA   | 0.102 |   2.606 |    2.961 | 
     | sub_66/U264       | B ^ -> CO ^ | ADHM1RA   | 0.101 |   2.707 |    3.062 | 
     | sub_66/FE_RC_7_0  | A ^ -> Z v  | INVM2R    | 0.044 |   2.751 |    3.106 | 
     | sub_66/FE_RC_6_0  | B v -> Z ^  | NR2B1M4R  | 0.066 |   2.817 |    3.172 | 
     | sub_66/FE_RC_19_0 | B ^ -> Z ^  | AN2M6R    | 0.092 |   2.909 |    3.264 | 
     | sub_66/FE_RC_4_0  | B ^ -> Z ^  | AN2M6R    | 0.081 |   2.990 |    3.345 | 
     | sub_66/FE_RC_17_0 | B ^ -> Z ^  | AN2M12RA  | 0.074 |   3.064 |    3.418 | 
     | sub_66/FE_RC_13_0 | B ^ -> Z ^  | AN2M12RA  | 0.069 |   3.133 |    3.487 | 
     | sub_66/U276       | B ^ -> CO ^ | ADHM1RA   | 0.091 |   3.224 |    3.578 | 
     | sub_66/U278       | B ^ -> CO ^ | ADHM1RA   | 0.098 |   3.322 |    3.676 | 
     | sub_66/U280       | B ^ -> CO ^ | ADHM4RA   | 0.099 |   3.421 |    3.776 | 
     | sub_66/U282       | B ^ -> S ^  | ADHM1RA   | 0.075 |   3.496 |    3.851 | 
     | U543              | B ^ -> Z ^  | CKMUX2M2R | 0.122 |   3.618 |    3.972 | 
     | prod_reg_60_      | D ^         | DFEQM2RA  | 0.000 |   3.618 |    3.972 | 
     +--------------------------------------------------------------------------+ 
Path 9: MET Setup Check with Pin acc_reg_59_/CK 
Endpoint:   acc_reg_59_/D  (^) checked with  leading edge of 'clk'
Beginpoint: opa_r_reg_1_/Q (v) triggered by  leading edge of 'clk'
Path Groups: {clk}
Analysis View: analysis_setup
Other End Arrival Time          0.080
- Setup                         0.105
+ Phase Shift                   4.000
+ CPPR Adjustment               0.000
= Required Time                 3.976
- Arrival Time                  3.541
= Slack Time                    0.434
     Clock Rise Edge                 0.000
     + Clock Network Latency (Prop)  0.003
     = Beginpoint Arrival Time       0.003
     +----------------------------------------------------------------------------+ 
     |     Instance      |     Arc     |    Cell     | Delay | Arrival | Required | 
     |                   |             |             |       |  Time   |   Time   | 
     |-------------------+-------------+-------------+-------+---------+----------| 
     | opa_r_reg_1_      | CK ^        |             |       |   0.003 |    0.437 | 
     | opa_r_reg_1_      | CK ^ -> Q v | DFEQM2RA    | 0.225 |   0.228 |    0.662 | 
     | add_54/U784       | A v -> Z ^  | NR2M2R      | 0.087 |   0.315 |    0.749 | 
     | add_54/U554       | A2 ^ -> Z v | OAI21M2R    | 0.093 |   0.407 |    0.841 | 
     | add_54/U587       | A2 v -> Z ^ | AOI21M2R    | 0.142 |   0.549 |    0.984 | 
     | add_54/FE_RC_21_0 | A2 ^ -> Z v | OAI21M4R    | 0.095 |   0.644 |    1.079 | 
     | add_54/U508       | A1 v -> Z ^ | AOI21M2R    | 0.154 |   0.798 |    1.233 | 
     | add_54/U504       | A2 ^ -> Z v | OAI21M4R    | 0.100 |   0.898 |    1.332 | 
     | add_54/U594       | A1 v -> Z ^ | AOI21M2R    | 0.113 |   1.011 |    1.446 | 
     | add_54/U572       | A2 ^ -> Z v | OAI21M2R    | 0.099 |   1.110 |    1.545 | 
     | add_54/U586       | A1 v -> Z ^ | AOI21B01M2R | 0.126 |   1.237 |    1.671 | 
     | add_54/U571       | A2 ^ -> Z v | OAI21M2R    | 0.097 |   1.333 |    1.768 | 
     | add_54/U585       | A1 v -> Z ^ | AOI21B01M2R | 0.115 |   1.448 |    1.882 | 
     | add_54/U570       | A2 ^ -> Z v | OAI21M2R    | 0.109 |   1.557 |    1.991 | 
     | add_54/U584       | A1 v -> Z ^ | AOI21B01M4R | 0.097 |   1.654 |    2.088 | 
     | add_54/U569       | A2 ^ -> Z v | OAI21M2R    | 0.093 |   1.747 |    2.181 | 
     | add_54/U583       | A1 v -> Z ^ | AOI21B01M4R | 0.109 |   1.856 |    2.290 | 
     | add_54/U568       | A2 ^ -> Z v | OAI21M4R    | 0.069 |   1.925 |    2.359 | 
     | add_54/U582       | A1 v -> Z ^ | AOI21B01M2R | 0.127 |   2.052 |    2.486 | 
     | add_54/U567       | A2 ^ -> Z v | OAI21M4R    | 0.088 |   2.140 |    2.574 | 
     | add_54/U581       | A1 v -> Z ^ | AOI21B01M4R | 0.087 |   2.227 |    2.661 | 
     | add_54/U566       | A2 ^ -> Z v | OAI21M4R    | 0.067 |   2.294 |    2.728 | 
     | add_54/U580       | A1 v -> Z ^ | AOI21B01M4R | 0.092 |   2.386 |    2.820 | 
     | add_54/U565       | A2 ^ -> Z v | OAI21M4R    | 0.070 |   2.456 |    2.890 | 
     | add_54/U579       | A1 v -> Z ^ | AOI21B01M4R | 0.092 |   2.548 |    2.982 | 
     | add_54/U564       | A2 ^ -> Z v | OAI21M4R    | 0.072 |   2.620 |    3.054 | 
     | add_54/U578       | A1 v -> Z ^ | AOI21B01M4R | 0.093 |   2.713 |    3.147 | 
     | add_54/U563       | A2 ^ -> Z v | OAI21M4R    | 0.077 |   2.790 |    3.224 | 
     | add_54/U577       | A1 v -> Z ^ | AOI21B01M4R | 0.092 |   2.882 |    3.316 | 
     | add_54/U562       | A2 ^ -> Z v | OAI21M4R    | 0.070 |   2.951 |    3.386 | 
     | add_54/U576       | A1 v -> Z ^ | AOI21B01M4R | 0.095 |   3.046 |    3.480 | 
     | add_54/U561       | A2 ^ -> Z v | OAI21M4R    | 0.072 |   3.117 |    3.552 | 
     | add_54/U575       | A1 v -> Z ^ | AOI21B01M2R | 0.129 |   3.246 |    3.681 | 
     | add_54/U560       | A2 ^ -> Z v | OAI21M4R    | 0.083 |   3.329 |    3.764 | 
     | add_54/U23        | A v -> Z ^  | XNR2M2RA    | 0.124 |   3.453 |    3.888 | 
     | U280              | A ^ -> Z ^  | AN2M2R      | 0.088 |   3.541 |    3.976 | 
     | acc_reg_59_       | D ^         | DFEQM2RA    | 0.000 |   3.541 |    3.976 | 
     +----------------------------------------------------------------------------+ 
Path 10: MET Setup Check with Pin prod_reg_59_/CK 
Endpoint:   prod_reg_59_/D (^) checked with  leading edge of 'clk'
Beginpoint: acc_reg_0_/Q   (v) triggered by  leading edge of 'clk'
Path Groups: {clk}
Analysis View: analysis_setup
Other End Arrival Time          0.080
- Setup                         0.108
+ Phase Shift                   4.000
+ CPPR Adjustment               0.000
= Required Time                 3.972
- Arrival Time                  3.525
= Slack Time                    0.447
     Clock Rise Edge                 0.000
     + Clock Network Latency (Prop)  -0.003
     = Beginpoint Arrival Time       -0.003
     +--------------------------------------------------------------------------+ 
     |     Instance      |     Arc     |   Cell    | Delay | Arrival | Required | 
     |                   |             |           |       |  Time   |   Time   | 
     |-------------------+-------------+-----------+-------+---------+----------| 
     | acc_reg_0_        | CK ^        |           |       |  -0.003 |    0.445 | 
     | acc_reg_0_        | CK ^ -> Q v | DFEQM4RA  | 0.233 |   0.230 |    0.677 | 
     | sub_66/U203       | A v -> Z ^  | NR2M2R    | 0.100 |   0.330 |    0.777 | 
     | sub_66/U218       | B ^ -> Z v  | ND2M2R    | 0.098 |   0.428 |    0.875 | 
     | sub_66/U205       | A v -> Z ^  | NR2M4R    | 0.100 |   0.528 |    0.975 | 
     | sub_66/U220       | B ^ -> Z v  | ND2M2R    | 0.104 |   0.632 |    1.079 | 
     | sub_66/U226       | A v -> Z ^  | NR2M4R    | 0.103 |   0.735 |    1.182 | 
     | sub_66/U224       | B ^ -> CO ^ | ADHM1RA   | 0.105 |   0.840 |    1.287 | 
     | sub_66/FE_RC_11_0 | B ^ -> Z ^  | AN2M4R    | 0.096 |   0.936 |    1.383 | 
     | sub_66/U230       | B ^ -> CO ^ | ADHM1RA   | 0.094 |   1.030 |    1.477 | 
     | sub_66/U232       | B ^ -> CO ^ | ADHM1RA   | 0.099 |   1.129 |    1.576 | 
     | sub_66/U234       | B ^ -> CO ^ | ADHM1RA   | 0.097 |   1.226 |    1.673 | 
     | sub_66/U236       | B ^ -> CO ^ | ADHM1RA   | 0.097 |   1.323 |    1.770 | 
     | sub_66/U238       | B ^ -> CO ^ | ADHM1RA   | 0.098 |   1.421 |    1.868 | 
     | sub_66/FE_RC_15_0 | B ^ -> Z ^  | AN2M6R    | 0.088 |   1.508 |    1.955 | 
     | sub_66/FE_RC_0_0  | B ^ -> Z ^  | AN2M4R    | 0.094 |   1.602 |    2.049 | 
     | sub_66/U244       | B ^ -> CO ^ | ADHM1RA   | 0.104 |   1.706 |    2.153 | 
     | sub_66/U246       | B ^ -> CO ^ | ADHM1RA   | 0.102 |   1.808 |    2.255 | 
     | sub_66/U248       | B ^ -> CO ^ | ADHM1RA   | 0.099 |   1.907 |    2.354 | 
     | sub_66/U250       | B ^ -> CO ^ | ADHM4RA   | 0.098 |   2.005 |    2.452 | 
     | sub_66/U252       | B ^ -> CO ^ | ADHM1RA   | 0.093 |   2.098 |    2.545 | 
     | sub_66/U254       | B ^ -> CO ^ | ADHM1RA   | 0.102 |   2.200 |    2.647 | 
     | sub_66/U256       | B ^ -> CO ^ | ADHM1RA   | 0.104 |   2.305 |    2.752 | 
     | sub_66/U258       | B ^ -> CO ^ | ADHM1RA   | 0.100 |   2.404 |    2.851 | 
     | sub_66/U260       | B ^ -> CO ^ | ADHM1RA   | 0.100 |   2.504 |    2.951 | 
     | sub_66/U262       | B ^ -> CO ^ | ADHM4RA   | 0.102 |   2.606 |    3.053 | 
     | sub_66/U264       | B ^ -> CO ^ | ADHM1RA   | 0.101 |   2.707 |    3.154 | 
     | sub_66/FE_RC_7_0  | A ^ -> Z v  | INVM2R    | 0.044 |   2.751 |    3.198 | 
     | sub_66/FE_RC_6_0  | B v -> Z ^  | NR2B1M4R  | 0.066 |   2.817 |    3.264 | 
     | sub_66/FE_RC_19_0 | B ^ -> Z ^  | AN2M6R    | 0.092 |   2.909 |    3.357 | 
     | sub_66/FE_RC_4_0  | B ^ -> Z ^  | AN2M6R    | 0.081 |   2.990 |    3.437 | 
     | sub_66/FE_RC_17_0 | B ^ -> Z ^  | AN2M12RA  | 0.074 |   3.064 |    3.511 | 
     | sub_66/FE_RC_13_0 | B ^ -> Z ^  | AN2M12RA  | 0.069 |   3.133 |    3.580 | 
     | sub_66/U276       | B ^ -> CO ^ | ADHM1RA   | 0.091 |   3.224 |    3.671 | 
     | sub_66/U278       | B ^ -> CO ^ | ADHM1RA   | 0.098 |   3.322 |    3.769 | 
     | sub_66/U280       | B ^ -> S ^  | ADHM4RA   | 0.083 |   3.404 |    3.852 | 
     | U542              | B ^ -> Z ^  | CKMUX2M2R | 0.121 |   3.525 |    3.972 | 
     | prod_reg_59_      | D ^         | DFEQM2RA  | 0.000 |   3.525 |    3.972 | 
     +--------------------------------------------------------------------------+ 

