 
****************************************
Report : reference
Design : multn_NBITS32
Version: Q-2019.12
Date   : Sat Dec  3 23:44:24 2022
****************************************

Attributes:
    b - black box (unknown)
   bo - allows boundary optimization
    d - dont_touch
   mo - map_only
    h - hierarchical
    n - noncombinational
    r - removable
    s - synthetic operator
    u - contains unmapped logic

Reference          Library       Unit Area   Count    Total Area   Attributes
-----------------------------------------------------------------------------
AN2M2R             uk65lscllmvbbr_108c125_wc     2.160000      69   149.040006
AO22B10M2R         uk65lscllmvbbr_108c125_wc     3.600000       1     3.600000
AO222M2RA          uk65lscllmvbbr_108c125_wc     4.320000      61   263.520010
BUFM2R             uk65lscllmvbbr_108c125_wc     1.440000      10    14.400001
CKMUX2M2R          uk65lscllmvbbr_108c125_wc     3.600000      64   230.399994
DFEQM2RA           uk65lscllmvbbr_108c125_wc     9.720000     226  2196.720060 n
DFEQRM2RA          uk65lscllmvbbr_108c125_wc    10.800000       2    21.600000 n
INVM2R             uk65lscllmvbbr_108c125_wc     1.080000      17    18.360001
MOAI22M2RA         uk65lscllmvbbr_108c125_wc     2.880000       1     2.880000
ND2M2R             uk65lscllmvbbr_108c125_wc     1.440000       6     8.640000
ND4B2M2R           uk65lscllmvbbr_108c125_wc     3.600000       2     7.200000
NR2M2R             uk65lscllmvbbr_108c125_wc     1.440000       2     2.880000
NR4M1R             uk65lscllmvbbr_108c125_wc     2.520000       2     5.040000
OAI21B20M2R        uk65lscllmvbbr_108c125_wc     2.520000      32    80.639999
OAI31M2R           uk65lscllmvbbr_108c125_wc     2.520000       2     5.040000
OAI211M2R          uk65lscllmvbbr_108c125_wc     2.520000       1     2.520000
OR2M2R             uk65lscllmvbbr_108c125_wc     2.160000       1     2.160000
OR4M2R             uk65lscllmvbbr_108c125_wc     2.880000       6    17.280001
XOR2M2RA           uk65lscllmvbbr_108c125_wc     3.600000       1     3.600000
multn_NBITS32_DW01_add_1        827.640018       1    827.640018  h
multn_NBITS32_DW01_sub_3        428.400009       1    428.400009  h
multn_NBITS32_DW01_sub_4        212.760008       1    212.760008  h
multn_NBITS32_DW01_sub_5        211.320008       1    211.320008  h
-----------------------------------------------------------------------------
Total 23 references                                  4715.640116

****************************************
Design: multn_NBITS32_DW01_add_1 
****************************************
Reference          Library       Unit Area   Count    Total Area   Attributes
-----------------------------------------------------------------------------
AN2M2R             uk65lscllmvbbr_108c125_wc     2.160000       1     2.160000
AOI21B01M2R        uk65lscllmvbbr_108c125_wc     2.880000      21    60.480002
AOI21M2R           uk65lscllmvbbr_108c125_wc     2.160000      17    36.720001
INVM2R             uk65lscllmvbbr_108c125_wc     1.080000      61    65.880003
ND2M2R             uk65lscllmvbbr_108c125_wc     1.440000     133   191.520008
NR2M2R             uk65lscllmvbbr_108c125_wc     1.440000      67    96.480004
OAI21B01M2R        uk65lscllmvbbr_108c125_wc     2.880000       2     5.760000
OAI21M2R           uk65lscllmvbbr_108c125_wc     2.160000      49   105.840004
OR2M2R             uk65lscllmvbbr_108c125_wc     2.160000      15    32.400001
XNR2M2RA           uk65lscllmvbbr_108c125_wc     3.600000      32   115.199997
XOR2M2RA           uk65lscllmvbbr_108c125_wc     3.600000      32   115.199997
-----------------------------------------------------------------------------
Total 11 references                                   827.640018

****************************************
Design: multn_NBITS32_DW01_sub_3 
****************************************
Reference          Library       Unit Area   Count    Total Area   Attributes
-----------------------------------------------------------------------------
ADHM1RA            uk65lscllmvbbr_108c125_wc     5.760000      31   178.560007 r
BUFM2R             uk65lscllmvbbr_108c125_wc     1.440000       1     1.440000
INVM2R             uk65lscllmvbbr_108c125_wc     1.080000      46    49.680002
ND2M2R             uk65lscllmvbbr_108c125_wc     1.440000      23    33.120001
NR2B1M2R           uk65lscllmvbbr_108c125_wc     2.160000       2     4.320000
NR2M2R             uk65lscllmvbbr_108c125_wc     1.440000      32    46.080002
XNR2M2RA           uk65lscllmvbbr_108c125_wc     3.600000      18    64.799998
XOR2M2RA           uk65lscllmvbbr_108c125_wc     3.600000      14    50.399999
-----------------------------------------------------------------------------
Total 8 references                                    428.400009

****************************************
Design: multn_NBITS32_DW01_sub_4 
****************************************
Reference          Library       Unit Area   Count    Total Area   Attributes
-----------------------------------------------------------------------------
ADHM1RA            uk65lscllmvbbr_108c125_wc     5.760000      30   172.800007 r
BUFM2R             uk65lscllmvbbr_108c125_wc     1.440000       1     1.440000
INVM2R             uk65lscllmvbbr_108c125_wc     1.080000      31    33.480001
NR2M2R             uk65lscllmvbbr_108c125_wc     1.440000       1     1.440000
XNR2M2RA           uk65lscllmvbbr_108c125_wc     3.600000       1     3.600000
-----------------------------------------------------------------------------
Total 5 references                                    212.760008

****************************************
Design: multn_NBITS32_DW01_sub_5 
****************************************
Reference          Library       Unit Area   Count    Total Area   Attributes
-----------------------------------------------------------------------------
ADHM1RA            uk65lscllmvbbr_108c125_wc     5.760000      30   172.800007 r
BUFM2R             uk65lscllmvbbr_108c125_wc     1.440000       1     1.440000
INVM2R             uk65lscllmvbbr_108c125_wc     1.080000      31    33.480001
XNR2M2RA           uk65lscllmvbbr_108c125_wc     3.600000       1     3.600000
-----------------------------------------------------------------------------
Total 4 references                                    211.320008
1
